app/build/intermediates/manifest_merge_blame_file/debug/manifest-merger-blame-debug-report.txt
1<?xml version="1.0" encoding="utf-8"?>
2<manifest xmlns:android="http://schemas.android.com/apk/res/android"
3    package="cn.buaa.myweixin"
4    android:versionCode="1"
5    android:versionName="1.0" >
6
7    <uses-sdk
8        android:minSdkVersion="14"
8-->src\main\AndroidManifest.xml
9        android:targetSdkVersion="15" />
9-->src\main\AndroidManifest.xml
10
11    <!-- <uses-sdk -->
12    <!-- android:minSdkVersion="10" -->
13    <!-- android:targetSdkVersion="15" /> -->
14
15    <uses-permission android:name="android.permission.VIBRATE" />
15-->src\main\AndroidManifest.xml:10:5-66
15-->src\main\AndroidManifest.xml:10:22-63
16    <uses-permission android:name="android.permission.ACCESS_FINE_LOCATION" />
16-->src\main\AndroidManifest.xml:11:5-78
16-->src\main\AndroidManifest.xml:11:22-76
17    <uses-permission android:name="android.permission.ACCESS_COARSE_LOCATION" />
17-->src\main\AndroidManifest.xml:12:5-80
17-->src\main\AndroidManifest.xml:12:22-78
18    <uses-permission android:name="android.permission.INTERNET" />
18-->src\main\AndroidManifest.xml:13:5-67
18-->src\main\AndroidManifest.xml:13:22-64
19
20    <application
20-->src\main\AndroidManifest.xml:15:5-41:19
21        android:appComponentFactory="androidx.core.app.CoreComponentFactory"
21-->[androidx.core:core:1.3.2] AndroidManifest.xml:24:18-86
22        android:debuggable="true"
23        android:icon="@drawable/icon"
23-->src\main\AndroidManifest.xml:16:9-38
24        android:label="@string/app_name"
24-->src\main\AndroidManifest.xml:17:9-41
25        android:largeHeap="true"
25-->src\main\AndroidManifest.xml:18:9-33
26        android:testOnly="true" >
27        <activity
27-->src\main\AndroidManifest.xml:20:9-29:20
28            android:name="cn.homework.myweixin.Appstart"
28-->src\main\AndroidManifest.xml:21:13-57
29            android:label="@string/title_activity_main"
29-->src\main\AndroidManifest.xml:22:13-56
30            android:theme="@style/Anim_style2" >
30-->src\main\AndroidManifest.xml:23:13-47
31            <intent-filter>
31-->src\main\AndroidManifest.xml:24:13-28:29
32                <action android:name="android.intent.action.MAIN" />
32-->src\main\AndroidManifest.xml:25:17-69
32-->src\main\AndroidManifest.xml:25:25-66
33
34                <category android:name="android.intent.category.LAUNCHER" />
34-->src\main\AndroidManifest.xml:27:17-77
34-->src\main\AndroidManifest.xml:27:27-74
35            </intent-filter>
36        </activity>
37        <activity
37-->src\main\AndroidManifest.xml:30:9-103
38            android:name="cn.homework.myweixin.MainWeixin"
38-->src\main\AndroidManifest.xml:30:19-65
39            android:theme="@style/Anim_style2" />
39-->src\main\AndroidManifest.xml:30:66-100
40        <activity
40-->src\main\AndroidManifest.xml:31:9-112
41            android:name="cn.homework.myweixin.Login"
41-->src\main\AndroidManifest.xml:31:19-60
42            android:theme="@android:style/Theme.NoTitleBar" />
42-->src\main\AndroidManifest.xml:31:62-109
43        <activity
43-->src\main\AndroidManifest.xml:32:9-102
44            android:name="cn.homework.myweixin.Welcome"
44-->src\main\AndroidManifest.xml:32:19-62
45            android:theme="@style/Anim_style2" />
45-->src\main\AndroidManifest.xml:32:64-98
46        <activity
46-->src\main\AndroidManifest.xml:33:9-119
47            android:name="cn.homework.myweixin.ChatActivity"
47-->src\main\AndroidManifest.xml:33:19-67
48            android:theme="@android:style/Theme.NoTitleBar" />
48-->src\main\AndroidManifest.xml:33:69-116
49        <activity
49-->src\main\AndroidManifest.xml:34:9-120
50            android:name="cn.homework.myweixin.ShakeActivity"
50-->src\main\AndroidManifest.xml:34:19-68
51            android:theme="@android:style/Theme.NoTitleBar" />
51-->src\main\AndroidManifest.xml:34:70-117
52        <activity
52-->src\main\AndroidManifest.xml:35:9-99
53            android:name="cn.homework.myweixin.Exit"
53-->src\main\AndroidManifest.xml:35:19-59
54            android:theme="@style/MyDialogStyle" />
54-->src\main\AndroidManifest.xml:35:60-96
55        <activity
55-->src\main\AndroidManifest.xml:36:9-117
56            android:name="cn.homework.myweixin.ExitFromSettings"
56-->src\main\AndroidManifest.xml:36:19-71
57            android:theme="@style/MyDialogStyleBottom" />
57-->src\main\AndroidManifest.xml:36:72-114
58        <activity
58-->src\main\AndroidManifest.xml:37:9-110
59            android:name="cn.homework.myweixin.LoadingActivity"
59-->src\main\AndroidManifest.xml:37:19-70
60            android:theme="@style/MyDialogStyle" />
60-->src\main\AndroidManifest.xml:37:71-107
61        <activity
61-->src\main\AndroidManifest.xml:38:9-116
62            android:name="cn.homework.myweixin.MainTopRightDialog"
62-->src\main\AndroidManifest.xml:38:19-73
63            android:theme="@style/MyDialogStyleTop" />
63-->src\main\AndroidManifest.xml:38:74-113
64        <activity android:name="cn.homework.myweixin.SendImageActivity" />
64-->src\main\AndroidManifest.xml:39:9-84
64-->src\main\AndroidManifest.xml:39:19-72
65    </application>
66
67</manifest>